<?xml version="1.0" encoding="UTF-8"?>
<!-- Generated by org.testng.reporters.JUnitReportReporter -->
<testsuite hostname="retina.dellroad.org" name="org.dellroad.msrp.msg.MsrpMessageParseTest" tests="4" failures="0" timestamp="4 Jun 2015 21:18:31 GMT" time="0.018" errors="0">
  <testcase name="testInvalid" time="0.003" classname="org.dellroad.msrp.msg.MsrpMessageParseTest"/>
  <testcase name="testInvalid" time="0.002" classname="org.dellroad.msrp.msg.MsrpMessageParseTest"/>
  <testcase name="testValid" time="0.007" classname="org.dellroad.msrp.msg.MsrpMessageParseTest"/>
  <testcase name="testInvalid" time="0.006" classname="org.dellroad.msrp.msg.MsrpMessageParseTest"/>
</testsuite> <!-- org.dellroad.msrp.msg.MsrpMessageParseTest -->
