<?xml version="1.0" encoding="UTF-8"?>
<testng-results skipped="0" failed="0" total="12" passed="12">
  <reporter-output>
  </reporter-output>
  <suite name="Unit Test Suite" duration-ms="67" started-at="2014-12-10T22:19:00Z" finished-at="2014-12-10T22:19:00Z">
    <groups>
    </groups>
    <test name="Unit Tests" duration-ms="67" started-at="2014-12-10T22:19:00Z" finished-at="2014-12-10T22:19:00Z">
      <class name="org.dellroad.msrp.msg.MsrpMessageParseTest">
        <test-method status="PASS" signature="seedRandom(java.lang.String)[pri:0, instance:org.dellroad.msrp.msg.MsrpMessageParseTest@1edd6d83]" name="seedRandom" is-config="true" duration-ms="0" started-at="2014-12-10T16:19:00Z" finished-at="2014-12-10T16:19:00Z">
          <params>
            <param index="0">
              <value>
                <![CDATA[]]>
              </value>
            </param>
          </params>
          <reporter-output>
          </reporter-output>
        </test-method> <!-- seedRandom -->
        <test-method status="PASS" signature="testInvalid(java.lang.String, java.lang.String)[pri:0, instance:org.dellroad.msrp.msg.MsrpMessageParseTest@1edd6d83]" name="testInvalid" duration-ms="3" started-at="2014-12-10T16:19:00Z" data-provider="invalidCases" finished-at="2014-12-10T16:19:00Z">
          <params>
            <param index="0">
              <value>
                <![CDATA[message-invalid-1.in]]>
              </value>
            </param>
            <param index="1">
              <value>
                <![CDATA[invalid start line.*]]>
              </value>
            </param>
          </params>
          <reporter-output>
          </reporter-output>
        </test-method> <!-- testInvalid -->
        <test-method status="PASS" signature="testInvalid(java.lang.String, java.lang.String)[pri:0, instance:org.dellroad.msrp.msg.MsrpMessageParseTest@1edd6d83]" name="testInvalid" duration-ms="6" started-at="2014-12-10T16:19:00Z" data-provider="invalidCases" finished-at="2014-12-10T16:19:00Z">
          <params>
            <param index="0">
              <value>
                <![CDATA[message-invalid-2.in]]>
              </value>
            </param>
            <param index="1">
              <value>
                <![CDATA[MIME headers are not allowed when message has no body]]>
              </value>
            </param>
          </params>
          <reporter-output>
          </reporter-output>
        </test-method> <!-- testInvalid -->
        <test-method status="PASS" signature="testInvalid(java.lang.String, java.lang.String)[pri:0, instance:org.dellroad.msrp.msg.MsrpMessageParseTest@1edd6d83]" name="testInvalid" duration-ms="3" started-at="2014-12-10T16:19:00Z" data-provider="invalidCases" finished-at="2014-12-10T16:19:00Z">
          <params>
            <param index="0">
              <value>
                <![CDATA[message-invalid-3.in]]>
              </value>
            </param>
            <param index="1">
              <value>
                <![CDATA[invalid end-line flag byte.*]]>
              </value>
            </param>
          </params>
          <reporter-output>
          </reporter-output>
        </test-method> <!-- testInvalid -->
        <test-method status="PASS" signature="testValid(java.lang.String, java.lang.Class)[pri:0, instance:org.dellroad.msrp.msg.MsrpMessageParseTest@1edd6d83]" name="testValid" duration-ms="7" started-at="2014-12-10T16:19:00Z" data-provider="validCases" finished-at="2014-12-10T16:19:00Z">
          <params>
            <param index="0">
              <value>
                <![CDATA[request-valid-1.in]]>
              </value>
            </param>
            <param index="1">
              <value>
                <![CDATA[class org.dellroad.msrp.msg.MsrpRequest]]>
              </value>
            </param>
          </params>
          <reporter-output>
          </reporter-output>
        </test-method> <!-- testValid -->
      </class> <!-- org.dellroad.msrp.msg.MsrpMessageParseTest -->
      <class name="org.dellroad.msrp.msg.BoundaryInputStreamTest">
        <test-method status="PASS" signature="seedRandom(java.lang.String)[pri:0, instance:org.dellroad.msrp.msg.BoundaryInputStreamTest@3dbf0f5b]" name="seedRandom" is-config="true" duration-ms="11" started-at="2014-12-10T16:19:00Z" finished-at="2014-12-10T16:19:00Z">
          <params>
            <param index="0">
              <value>
                <![CDATA[]]>
              </value>
            </param>
          </params>
          <reporter-output>
          </reporter-output>
        </test-method> <!-- seedRandom -->
        <test-method status="PASS" signature="testValid(java.lang.String, java.lang.String, int, char, java.lang.String)[pri:0, instance:org.dellroad.msrp.msg.BoundaryInputStreamTest@3dbf0f5b]" name="testValid" duration-ms="14" started-at="2014-12-10T16:19:00Z" data-provider="cases" finished-at="2014-12-10T16:19:00Z">
          <params>
            <param index="0">
              <value>
                <![CDATA[boundary-match.in]]>
              </value>
            </param>
            <param index="1">
              <value>
                <![CDATA[abcd1234]]>
              </value>
            </param>
            <param index="2">
              <value>
                <![CDATA[472]]>
              </value>
            </param>
            <param index="3">
              <value>
                <![CDATA[$]]>
              </value>
            </param>
            <param index="4">
              <value>
                <![CDATA[
here's some junk after the boundary
]]>
              </value>
            </param>
          </params>
          <reporter-output>
          </reporter-output>
        </test-method> <!-- testValid -->
        <test-method status="PASS" signature="testValid(java.lang.String, java.lang.String, int, char, java.lang.String)[pri:0, instance:org.dellroad.msrp.msg.BoundaryInputStreamTest@3dbf0f5b]" name="testValid" duration-ms="2" started-at="2014-12-10T16:19:00Z" data-provider="cases" finished-at="2014-12-10T16:19:00Z">
          <params>
            <param index="0">
              <value>
                <![CDATA[boundary-match.in]]>
              </value>
            </param>
            <param index="1">
              <value>
                <![CDATA[abcd123]]>
              </value>
            </param>
            <param index="2">
              <value>
                <![CDATA[-1]]>
              </value>
            </param>
            <param index="3">
              <value>
                <![CDATA[?]]>
              </value>
            </param>
            <param index="4">
              <value is-null="true"/>
            </param>
          </params>
          <reporter-output>
          </reporter-output>
        </test-method> <!-- testValid -->
        <test-method status="PASS" signature="testValid(java.lang.String, java.lang.String, int, char, java.lang.String)[pri:0, instance:org.dellroad.msrp.msg.BoundaryInputStreamTest@3dbf0f5b]" name="testValid" duration-ms="1" started-at="2014-12-10T16:19:00Z" data-provider="cases" finished-at="2014-12-10T16:19:00Z">
          <params>
            <param index="0">
              <value>
                <![CDATA[boundary-match.in]]>
              </value>
            </param>
            <param index="1">
              <value>
                <![CDATA[abcd12345]]>
              </value>
            </param>
            <param index="2">
              <value>
                <![CDATA[-1]]>
              </value>
            </param>
            <param index="3">
              <value>
                <![CDATA[?]]>
              </value>
            </param>
            <param index="4">
              <value is-null="true"/>
            </param>
          </params>
          <reporter-output>
          </reporter-output>
        </test-method> <!-- testValid -->
        <test-method status="PASS" signature="testValid(java.lang.String, java.lang.String, int, char, java.lang.String)[pri:0, instance:org.dellroad.msrp.msg.BoundaryInputStreamTest@3dbf0f5b]" name="testValid" duration-ms="1" started-at="2014-12-10T16:19:00Z" data-provider="cases" finished-at="2014-12-10T16:19:00Z">
          <params>
            <param index="0">
              <value>
                <![CDATA[boundary-match.in]]>
              </value>
            </param>
            <param index="1">
              <value>
                <![CDATA[bcd1234]]>
              </value>
            </param>
            <param index="2">
              <value>
                <![CDATA[-1]]>
              </value>
            </param>
            <param index="3">
              <value>
                <![CDATA[?]]>
              </value>
            </param>
            <param index="4">
              <value is-null="true"/>
            </param>
          </params>
          <reporter-output>
          </reporter-output>
        </test-method> <!-- testValid -->
        <test-method status="PASS" signature="testValid(java.lang.String, java.lang.String, int, char, java.lang.String)[pri:0, instance:org.dellroad.msrp.msg.BoundaryInputStreamTest@3dbf0f5b]" name="testValid" duration-ms="2" started-at="2014-12-10T16:19:00Z" data-provider="cases" finished-at="2014-12-10T16:19:00Z">
          <params>
            <param index="0">
              <value>
                <![CDATA[boundary-aborted.in]]>
              </value>
            </param>
            <param index="1">
              <value>
                <![CDATA[aaabaaaa]]>
              </value>
            </param>
            <param index="2">
              <value>
                <![CDATA[48]]>
              </value>
            </param>
            <param index="3">
              <value>
                <![CDATA[#]]>
              </value>
            </param>
            <param index="4">
              <value>
                <![CDATA[after stuff
]]>
              </value>
            </param>
          </params>
          <reporter-output>
          </reporter-output>
        </test-method> <!-- testValid -->
        <test-method status="PASS" signature="testValid(java.lang.String, java.lang.String, int, char, java.lang.String)[pri:0, instance:org.dellroad.msrp.msg.BoundaryInputStreamTest@3dbf0f5b]" name="testValid" duration-ms="0" started-at="2014-12-10T16:19:00Z" data-provider="cases" finished-at="2014-12-10T16:19:00Z">
          <params>
            <param index="0">
              <value>
                <![CDATA[boundary-aborted.in]]>
              </value>
            </param>
            <param index="1">
              <value>
                <![CDATA[aaaabaaa]]>
              </value>
            </param>
            <param index="2">
              <value>
                <![CDATA[-1]]>
              </value>
            </param>
            <param index="3">
              <value>
                <![CDATA[?]]>
              </value>
            </param>
            <param index="4">
              <value is-null="true"/>
            </param>
          </params>
          <reporter-output>
          </reporter-output>
        </test-method> <!-- testValid -->
        <test-method status="PASS" signature="testValid(java.lang.String, java.lang.String, int, char, java.lang.String)[pri:0, instance:org.dellroad.msrp.msg.BoundaryInputStreamTest@3dbf0f5b]" name="testValid" duration-ms="1" started-at="2014-12-10T16:19:00Z" data-provider="cases" finished-at="2014-12-10T16:19:00Z">
          <params>
            <param index="0">
              <value>
                <![CDATA[boundary-incomplete.in]]>
              </value>
            </param>
            <param index="1">
              <value>
                <![CDATA[aaabaaaa]]>
              </value>
            </param>
            <param index="2">
              <value>
                <![CDATA[48]]>
              </value>
            </param>
            <param index="3">
              <value>
                <![CDATA[+]]>
              </value>
            </param>
            <param index="4">
              <value>
                <![CDATA[after stuff
]]>
              </value>
            </param>
          </params>
          <reporter-output>
          </reporter-output>
        </test-method> <!-- testValid -->
        <test-method status="PASS" signature="testValid(java.lang.String, java.lang.String, int, char, java.lang.String)[pri:0, instance:org.dellroad.msrp.msg.BoundaryInputStreamTest@3dbf0f5b]" name="testValid" duration-ms="1" started-at="2014-12-10T16:19:00Z" data-provider="cases" finished-at="2014-12-10T16:19:00Z">
          <params>
            <param index="0">
              <value>
                <![CDATA[boundary-incomplete.in]]>
              </value>
            </param>
            <param index="1">
              <value>
                <![CDATA[aaaabaaa]]>
              </value>
            </param>
            <param index="2">
              <value>
                <![CDATA[-1]]>
              </value>
            </param>
            <param index="3">
              <value>
                <![CDATA[?]]>
              </value>
            </param>
            <param index="4">
              <value is-null="true"/>
            </param>
          </params>
          <reporter-output>
          </reporter-output>
        </test-method> <!-- testValid -->
      </class> <!-- org.dellroad.msrp.msg.BoundaryInputStreamTest -->
    </test> <!-- Unit Tests -->
  </suite> <!-- Unit Test Suite -->
</testng-results>
